<?xml version="1.0" encoding="UTF-8"?>
<articleList hasMore="yes">
  <article id="3" sectionId="1" journalId="2" instId="test-inst" loadAction="replace">
    <authorList>
      <author>Author, First</author>
      <author>Name, Second M.</author>
    </authorList>
    <titleList>
      <title locale="de_DE" sortOnly="false">Deutscher Titel</title>
      <title locale="en_US" sortOnly="false">English Title</title>
      <title locale="fr_FR" sortOnly="true">Deutscher Titel</title>
    </titleList>
    <abstractList>
      <abstract locale="de_DE">Deutsche Zusammenfassung</abstract>
      <abstract locale="en_US">English Abstract</abstract>
    </abstractList>
    <disciplineList>
      <discipline locale="de_DE">Sozialwissenschaften</discipline>
      <discipline locale="en_US">Social Sciences</discipline>
    </disciplineList>
    <subjectList>
      <subject locale="de_DE">Ein Themengebiet Thema</subject>
      <subject locale="pt_BR">Uma classe de temas</subject>
      <subject locale="en_US">subject</subject>
    </subjectList>
    <typeList>
      <type locale="de_DE">Typ</type>
      <type locale="en_US">type</type>
    </typeList>
    <coverageList>
      <coverage locale="de_DE">Kaltes Kap; Sommer 2012; Alles</coverage>
      <coverage locale="pt_BR">Cabo Frio</coverage>
      <coverage locale="en_US">Summer 2012; everything</coverage>
    </coverageList>
    <journalTitleList>
      <journalTitle locale="de_DE" sortOnly="false">Zeitschrift</journalTitle>
      <journalTitle locale="en_US" sortOnly="false">Journal</journalTitle>
      <journalTitle locale="fr_FR" sortOnly="true">Journal</journalTitle>
    </journalTitleList>
    <publicationDate>2012-03-15T19:45:00Z</publicationDate>
    <issuePublicationDate>2012-03-15T18:30:00Z</issuePublicationDate>
    <galley-xml>
      <![CDATA[<galleyList><galley locale="de_DE" fileName="%%test-url%%/index.php/lucene-test/article/download/3/4"/><galley locale="en_US" fileName="%%test-url%%/index.php/lucene-test/article/download/3/5"/></galleyList>]]>
    </galley-xml>
  </article>
  <article id="99" sectionId="2" journalId="2" instId="test-inst" loadAction="delete"/>
</articleList>
